<?xml version="1.0" encoding="UTF-8"?>
<testsuite xmlns:xsi="http://www.w3.org/2001/XMLSchema-instance" xsi:noNamespaceSchemaLocation="https://maven.apache.org/surefire/maven-surefire-plugin/xsd/surefire-test-report-3.0.xsd" version="3.0" name="io.github.thacbao.itemcf.api.RecommendationEngineTest" time="0.126" tests="7" errors="0" skipped="0" failures="0">
  <properties>
[...]
</properties>
  <testcase name="calculateAndStoreSimilarities_whenCalledTwice_shouldReplaceOldData" classname="io.github.thacbao.itemcf.api.RecommendationEngineTest" time="0.087">
    <system-out><![CDATA[19:06:00.165 [main] INFO io.github.thacbao.itemcf.api.RecommendationEngine -- ItemCF: starting full similarity recalculation
19:06:00.166 [main] DEBUG io.github.thacbao.itemcf.api.RecommendationEngine -- ItemCF: cleared existing similarity store
19:06:00.168 [main] DEBUG io.github.thacbao.itemcf.core.InteractionMatrix -- Loaded 9 interactions across 1 batches into item-user matrix (4 unique items)
19:06:00.168 [main] INFO io.github.thacbao.itemcf.api.RecommendationEngine -- ItemCF: loaded 9 interactions across 4 items
19:06:00.168 [main] DEBUG io.github.thacbao.itemcf.core.SimilarityCalculator -- Computing pairwise similarities for 4 items (6 pairs)
19:06:00.169 [main] DEBUG io.github.thacbao.itemcf.core.SimilarityCalculator -- Found 4 qualifying similarity pairs (bidirectional) from 4 items
19:06:00.169 [main] INFO io.github.thacbao.itemcf.api.RecommendationEngine -- ItemCF: saved 4 similarity pairs to store
19:06:00.169 [main] INFO io.github.thacbao.itemcf.api.RecommendationEngine -- ItemCF: recalculation complete in 0s (4 items, 4 pairs)
19:06:00.171 [main] INFO io.github.thacbao.itemcf.api.RecommendationEngine -- ItemCF: starting full similarity recalculation
19:06:00.171 [main] DEBUG io.github.thacbao.itemcf.api.RecommendationEngine -- ItemCF: cleared existing similarity store
19:06:00.172 [main] DEBUG io.github.thacbao.itemcf.core.InteractionMatrix -- Loaded 9 interactions across 1 batches into item-user matrix (4 unique items)
19:06:00.172 [main] INFO io.github.thacbao.itemcf.api.RecommendationEngine -- ItemCF: loaded 9 interactions across 4 items
19:06:00.172 [main] DEBUG io.github.thacbao.itemcf.core.SimilarityCalculator -- Computing pairwise similarities for 4 items (6 pairs)
19:06:00.172 [main] DEBUG io.github.thacbao.itemcf.core.SimilarityCalculator -- Found 4 qualifying similarity pairs (bidirectional) from 4 items
19:06:00.172 [main] INFO io.github.thacbao.itemcf.api.RecommendationEngine -- ItemCF: saved 4 similarity pairs to store
19:06:00.172 [main] INFO io.github.thacbao.itemcf.api.RecommendationEngine -- ItemCF: recalculation complete in 0s (4 items, 4 pairs)
]]></system-out>
  </testcase>
  <testcase name="getSimilarItems_shouldReturnResultsOrderedByScoreDesc" classname="io.github.thacbao.itemcf.api.RecommendationEngineTest" time="0.006">
    <system-out><![CDATA[19:06:00.202 [main] INFO io.github.thacbao.itemcf.api.RecommendationEngine -- ItemCF: starting full similarity recalculation
19:06:00.202 [main] DEBUG io.github.thacbao.itemcf.api.RecommendationEngine -- ItemCF: cleared existing similarity store
19:06:00.202 [main] DEBUG io.github.thacbao.itemcf.core.InteractionMatrix -- Loaded 9 interactions across 1 batches into item-user matrix (4 unique items)
19:06:00.202 [main] INFO io.github.thacbao.itemcf.api.RecommendationEngine -- ItemCF: loaded 9 interactions across 4 items
19:06:00.202 [main] DEBUG io.github.thacbao.itemcf.core.SimilarityCalculator -- Computing pairwise similarities for 4 items (6 pairs)
19:06:00.202 [main] DEBUG io.github.thacbao.itemcf.core.SimilarityCalculator -- Found 4 qualifying similarity pairs (bidirectional) from 4 items
19:06:00.202 [main] INFO io.github.thacbao.itemcf.api.RecommendationEngine -- ItemCF: saved 4 similarity pairs to store
19:06:00.202 [main] INFO io.github.thacbao.itemcf.api.RecommendationEngine -- ItemCF: recalculation complete in 0s (4 items, 4 pairs)
]]></system-out>
  </testcase>
  <testcase name="getSimilarItems_forItem10_shouldReturnItem20" classname="io.github.thacbao.itemcf.api.RecommendationEngineTest" time="0.007">
    <system-out><![CDATA[19:06:00.208 [main] INFO io.github.thacbao.itemcf.api.RecommendationEngine -- ItemCF: starting full similarity recalculation
19:06:00.208 [main] DEBUG io.github.thacbao.itemcf.api.RecommendationEngine -- ItemCF: cleared existing similarity store
19:06:00.208 [main] DEBUG io.github.thacbao.itemcf.core.InteractionMatrix -- Loaded 9 interactions across 1 batches into item-user matrix (4 unique items)
19:06:00.208 [main] INFO io.github.thacbao.itemcf.api.RecommendationEngine -- ItemCF: loaded 9 interactions across 4 items
19:06:00.208 [main] DEBUG io.github.thacbao.itemcf.core.SimilarityCalculator -- Computing pairwise similarities for 4 items (6 pairs)
19:06:00.208 [main] DEBUG io.github.thacbao.itemcf.core.SimilarityCalculator -- Found 4 qualifying similarity pairs (bidirectional) from 4 items
19:06:00.209 [main] INFO io.github.thacbao.itemcf.api.RecommendationEngine -- ItemCF: saved 4 similarity pairs to store
19:06:00.209 [main] INFO io.github.thacbao.itemcf.api.RecommendationEngine -- ItemCF: recalculation complete in 0s (4 items, 4 pairs)
]]></system-out>
  </testcase>
  <testcase name="getRecommendationsForUser_givenInteractionHistory_shouldFilterOutAlreadySeen" classname="io.github.thacbao.itemcf.api.RecommendationEngineTest" time="0.003">
    <system-out><![CDATA[19:06:00.216 [main] INFO io.github.thacbao.itemcf.api.RecommendationEngine -- ItemCF: starting full similarity recalculation
19:06:00.216 [main] DEBUG io.github.thacbao.itemcf.api.RecommendationEngine -- ItemCF: cleared existing similarity store
19:06:00.216 [main] DEBUG io.github.thacbao.itemcf.core.InteractionMatrix -- Loaded 9 interactions across 1 batches into item-user matrix (4 unique items)
19:06:00.216 [main] INFO io.github.thacbao.itemcf.api.RecommendationEngine -- ItemCF: loaded 9 interactions across 4 items
19:06:00.216 [main] DEBUG io.github.thacbao.itemcf.core.SimilarityCalculator -- Computing pairwise similarities for 4 items (6 pairs)
19:06:00.216 [main] DEBUG io.github.thacbao.itemcf.core.SimilarityCalculator -- Found 4 qualifying similarity pairs (bidirectional) from 4 items
19:06:00.216 [main] INFO io.github.thacbao.itemcf.api.RecommendationEngine -- ItemCF: saved 4 similarity pairs to store
19:06:00.216 [main] INFO io.github.thacbao.itemcf.api.RecommendationEngine -- ItemCF: recalculation complete in 0s (4 items, 4 pairs)
19:06:00.217 [main] DEBUG io.github.thacbao.itemcf.api.RecommendationEngine -- ItemCF: generated 2 recommendations for user 6
]]></system-out>
  </testcase>
  <testcase name="calculateAndStoreSimilarities_shouldPopulateStore" classname="io.github.thacbao.itemcf.api.RecommendationEngineTest" time="0.003">
    <system-out><![CDATA[19:06:00.219 [main] INFO io.github.thacbao.itemcf.api.RecommendationEngine -- ItemCF: starting full similarity recalculation
19:06:00.219 [main] DEBUG io.github.thacbao.itemcf.api.RecommendationEngine -- ItemCF: cleared existing similarity store
19:06:00.219 [main] DEBUG io.github.thacbao.itemcf.core.InteractionMatrix -- Loaded 9 interactions across 1 batches into item-user matrix (4 unique items)
19:06:00.219 [main] INFO io.github.thacbao.itemcf.api.RecommendationEngine -- ItemCF: loaded 9 interactions across 4 items
19:06:00.219 [main] DEBUG io.github.thacbao.itemcf.core.SimilarityCalculator -- Computing pairwise similarities for 4 items (6 pairs)
19:06:00.219 [main] DEBUG io.github.thacbao.itemcf.core.SimilarityCalculator -- Found 4 qualifying similarity pairs (bidirectional) from 4 items
19:06:00.219 [main] INFO io.github.thacbao.itemcf.api.RecommendationEngine -- ItemCF: saved 4 similarity pairs to store
19:06:00.219 [main] INFO io.github.thacbao.itemcf.api.RecommendationEngine -- ItemCF: recalculation complete in 0s (4 items, 4 pairs)
]]></system-out>
  </testcase>
  <testcase name="getSimilarItems_forItem10_shouldNotReturnItem30" classname="io.github.thacbao.itemcf.api.RecommendationEngineTest" time="0.002">
    <system-out><![CDATA[19:06:00.222 [main] INFO io.github.thacbao.itemcf.api.RecommendationEngine -- ItemCF: starting full similarity recalculation
19:06:00.222 [main] DEBUG io.github.thacbao.itemcf.api.RecommendationEngine -- ItemCF: cleared existing similarity store
19:06:00.222 [main] DEBUG io.github.thacbao.itemcf.core.InteractionMatrix -- Loaded 9 interactions across 1 batches into item-user matrix (4 unique items)
19:06:00.222 [main] INFO io.github.thacbao.itemcf.api.RecommendationEngine -- ItemCF: loaded 9 interactions across 4 items
19:06:00.222 [main] DEBUG io.github.thacbao.itemcf.core.SimilarityCalculator -- Computing pairwise similarities for 4 items (6 pairs)
19:06:00.222 [main] DEBUG io.github.thacbao.itemcf.core.SimilarityCalculator -- Found 4 qualifying similarity pairs (bidirectional) from 4 items
19:06:00.222 [main] INFO io.github.thacbao.itemcf.api.RecommendationEngine -- ItemCF: saved 4 similarity pairs to store
19:06:00.222 [main] INFO io.github.thacbao.itemcf.api.RecommendationEngine -- ItemCF: recalculation complete in 0s (4 items, 4 pairs)
]]></system-out>
  </testcase>
  <testcase name="getRecommendationsForUser_withEmptyHistory_shouldReturnEmpty" classname="io.github.thacbao.itemcf.api.RecommendationEngineTest" time="0.002">
    <system-out><![CDATA[19:06:00.224 [main] INFO io.github.thacbao.itemcf.api.RecommendationEngine -- ItemCF: starting full similarity recalculation
19:06:00.224 [main] DEBUG io.github.thacbao.itemcf.api.RecommendationEngine -- ItemCF: cleared existing similarity store
19:06:00.224 [main] DEBUG io.github.thacbao.itemcf.core.InteractionMatrix -- Loaded 9 interactions across 1 batches into item-user matrix (4 unique items)
19:06:00.224 [main] INFO io.github.thacbao.itemcf.api.RecommendationEngine -- ItemCF: loaded 9 interactions across 4 items
19:06:00.224 [main] DEBUG io.github.thacbao.itemcf.core.SimilarityCalculator -- Computing pairwise similarities for 4 items (6 pairs)
19:06:00.224 [main] DEBUG io.github.thacbao.itemcf.core.SimilarityCalculator -- Found 4 qualifying similarity pairs (bidirectional) from 4 items
19:06:00.224 [main] INFO io.github.thacbao.itemcf.api.RecommendationEngine -- ItemCF: saved 4 similarity pairs to store
19:06:00.224 [main] INFO io.github.thacbao.itemcf.api.RecommendationEngine -- ItemCF: recalculation complete in 0s (4 items, 4 pairs)
19:06:00.224 [main] DEBUG io.github.thacbao.itemcf.api.RecommendationEngine -- ItemCF: user 99 has no interaction history, returning empty list
]]></system-out>
  </testcase>
</testsuite>